[0906/141017.489:ERROR:process_reader_win.cc(151)] SuspendThread: Acesso negado. (0x5)
[0906/141017.491:ERROR:process_reader_win.cc(151)] SuspendThread: Acesso negado. (0x5)
[0906/141017.491:ERROR:exception_snapshot_win.cc(87)] thread ID 126652 not found in process
[0906/141017.491:WARNING:crash_report_exception_handler.cc(62)] ProcessSnapshotWin::Initialize failed
[0906/150917.304:ERROR:process_info.cc(632)] range at 0x3bcb4fc600000000, size 0x2ad fully unreadable
[0906/150917.305:ERROR:process_info.cc(632)] range at 0x3bcb502a00000000, size 0x2ad fully unreadable
[0906/150917.305:ERROR:process_info.cc(632)] range at 0x0, size 0x2ad fully unreadable
[0906/173953.490:ERROR:process_reader_win.cc(151)] SuspendThread: Acesso negado. (0x5)
[0906/173953.491:ERROR:exception_snapshot_win.cc(87)] thread ID 19828 not found in process
[0906/173953.491:WARNING:crash_report_exception_handler.cc(62)] ProcessSnapshotWin::Initialize failed
[0906/173953.491:ERROR:scoped_process_suspend.cc(39)] NtResumeProcess: Tentou-se acessar um processo de saída.  (0xc000010a)
[0906/182044.086:ERROR:process_reader_win.cc(151)] SuspendThread: Acesso negado. (0x5)
[0906/182044.087:ERROR:exception_snapshot_win.cc(87)] thread ID 14276 not found in process
[0906/182044.087:WARNING:crash_report_exception_handler.cc(62)] ProcessSnapshotWin::Initialize failed
[0906/192745.708:ERROR:process_reader_win.cc(151)] SuspendThread: Acesso negado. (0x5)
[0906/192745.708:ERROR:exception_snapshot_win.cc(87)] thread ID 21368 not found in process
[0906/192745.708:WARNING:crash_report_exception_handler.cc(62)] ProcessSnapshotWin::Initialize failed
[0906/200033.949:ERROR:process_reader_win.cc(151)] SuspendThread: Acesso negado. (0x5)
[0906/200033.950:ERROR:process_reader_win.cc(151)] SuspendThread: Acesso negado. (0x5)
[0906/200033.950:ERROR:exception_snapshot_win.cc(87)] thread ID 26664 not found in process
[0906/200033.950:WARNING:crash_report_exception_handler.cc(62)] ProcessSnapshotWin::Initialize failed
[0915/180408.762:ERROR:process_info.cc(632)] range at 0x3f337f400000000, size 0x2c0 fully unreadable
[0915/180408.763:ERROR:process_info.cc(632)] range at 0x3f3385800000000, size 0x2c0 fully unreadable
[0915/180408.763:ERROR:process_info.cc(632)] range at 0x0, size 0x2c0 fully unreadable
[0915/181759.737:ERROR:process_reader_win.cc(151)] SuspendThread: Acesso negado. (0x5)
[0915/181759.749:ERROR:process_reader_win.cc(151)] SuspendThread: Acesso negado. (0x5)
[0915/181759.749:ERROR:exception_snapshot_win.cc(87)] thread ID 58788 not found in process
[0915/181759.749:WARNING:crash_report_exception_handler.cc(62)] ProcessSnapshotWin::Initialize failed
[0918/125958.301:ERROR:process_reader_win.cc(151)] SuspendThread: Acesso negado. (0x5)
[0918/125958.330:ERROR:process_reader_win.cc(151)] SuspendThread: Acesso negado. (0x5)
[0918/125958.334:ERROR:exception_snapshot_win.cc(87)] thread ID 48928 not found in process
[0918/125958.334:WARNING:crash_report_exception_handler.cc(62)] ProcessSnapshotWin::Initialize failed
